2023-01-26T22:34:26+00:00 Dereks-MacBook-Pro.local#02 I: Start test all:1:ifast_expt.
2023-01-26T22:34:26+00:00 Dereks-MacBook-Pro.local#02 I: Test all:1:ifast_expt is successful.
2023-01-26T22:34:26+00:00 Dereks-MacBook-Pro.local#02 I: End test all:1:ifast_expt.
2023-01-26T22:34:26+00:00 Dereks-MacBook-Pro.local#02 I: Start test all:3:ifast_mult.
2023-01-26T22:34:26+00:00 Dereks-MacBook-Pro.local#02 I: Test all:3:ifast_mult is successful.
2023-01-26T22:34:26+00:00 Dereks-MacBook-Pro.local#02 I: End test all:3:ifast_mult.
2023-01-26T22:34:26+00:00 Dereks-MacBook-Pro.local#02 I: Start test all:5:product_rec.
2023-01-26T22:34:26+00:00 Dereks-MacBook-Pro.local#02 I: Test all:5:product_rec is successful.
2023-01-26T22:34:26+00:00 Dereks-MacBook-Pro.local#02 I: End test all:5:product_rec.
2023-01-26T22:34:26+00:00 Dereks-MacBook-Pro.local#02 I: Start test all:7:product_iter.
2023-01-26T22:34:26+00:00 Dereks-MacBook-Pro.local#02 I: Test all:7:product_iter is successful.
2023-01-26T22:34:26+00:00 Dereks-MacBook-Pro.local#02 I: End test all:7:product_iter.
2023-01-26T22:34:26+00:00 Dereks-MacBook-Pro.local#02 I: Start test all:8:factorial_iter.
2023-01-26T22:34:26+00:00 Dereks-MacBook-Pro.local#02 I: Test all:8:factorial_iter is successful.
2023-01-26T22:34:26+00:00 Dereks-MacBook-Pro.local#02 I: End test all:8:factorial_iter.
2023-01-26T22:34:26+00:00 Dereks-MacBook-Pro.local#02 I: Start test all:10:sum.
2023-01-26T22:34:26+00:00 Dereks-MacBook-Pro.local#02 I: Test all:10:sum is successful.
2023-01-26T22:34:26+00:00 Dereks-MacBook-Pro.local#02 I: End test all:10:sum.
2023-01-26T22:34:26+00:00 Dereks-MacBook-Pro.local#02 I: Start test all:13:repeated.
2023-01-26T22:34:26+00:00 Dereks-MacBook-Pro.local#02 I: Test all:13:repeated is successful.
2023-01-26T22:34:26+00:00 Dereks-MacBook-Pro.local#02 I: End test all:13:repeated.
2023-01-26T22:34:26+00:00 Dereks-MacBook-Pro.local#02 I: Start test all:14:is_prime.
2023-01-26T22:34:26+00:00 Dereks-MacBook-Pro.local#02 I: Test all:14:is_prime is successful.
2023-01-26T22:34:26+00:00 Dereks-MacBook-Pro.local#02 I: End test all:14:is_prime.
